2022-09-20 07:30:37.452 [error] GenServer #PID<0.7514.0> terminating
** (Protocol.UndefinedError) protocol JSON.Decoder not implemented for nil of type Atom. This protocol is implemented for the following type(s): List, BitString
    (json 1.4.1) lib/json/decoder.ex:1: JSON.Decoder.impl_for!/1
    (json 1.4.1) lib/json/decoder.ex:10: JSON.Decoder.decode/1
    (json 1.4.1) lib/json.ex:68: JSON.decode!/1
    (relay_server 0.1.0) lib/relay_server_web/live/utils/function_iptv.ex:834: RelayServer.FunctionIptv.iptv_param_setup/4
    (relay_server 0.1.0) lib/relay_server_web/live/measure_live.ex:842: RelayServerWeb.MeasureLive.handle_event/3
    (phoenix_live_view 0.14.8) lib/phoenix_live_view/channel.ex:213: anonymous fn/3 in Phoenix.LiveView.Channel.view_handle_event/3
    (telemetry 0.4.3) /app/deps/telemetry/src/telemetry.erl:272: :telemetry.span/3
    (phoenix_live_view 0.14.8) lib/phoenix_live_view/channel.ex:102: Phoenix.LiveView.Channel.handle_info/2
    (stdlib 3.15.1) gen_server.erl:695: :gen_server.try_dispatch/4
    (stdlib 3.15.1) gen_server.erl:771: :gen_server.handle_msg/6
    (stdlib 3.15.1) proc_lib.erl:226: :proc_lib.init_p_do_apply/3
Last message: %Phoenix.Socket.Message{event: "event", join_ref: "4", payload: %{"event" => "menu-solo", "type" => "click", "value" => %{"mode" => "vod", "value" => ""}}, ref: "29", topic: "lv:phx-FxaBDSmjBtBkl5uI"}
State: %{components: {%{}, %{}, 6}, join_ref: "4", serializer: Phoenix.Socket.V2.JSONSerializer, socket: #Phoenix.LiveView.Socket<assigns: %{live_action: nil, command_result: "", current_user_id: 8, live_module: RelayServerWeb.MeasureLive, visit_list: ["menu"], pin_number_new2: "", latest_firmware_version: "1-0-20", flash: %{}, measure_settings: %{"0" => %{"accordion_open" => true, "accordion_open_he" => false, "accordion_open_multicast" => false, "accordion_open_vod" => false}}, measure_results: %{"0" => %{}}, machines: [%RelayServer.Machine{__meta__: #Ecto.Schema.Metadata<:loaded, "machines">, firmware_version: "1-0-56", id: 3010, inserted_at: ~N[2022-09-10 04:02:13], machine_id: "cad04dce54cb", machine_type: "1G", model_name: "NLPA-DGN-A", power_off_time: 2147483647, serial_number: "PA01LABK2269", updated_at: ~N[2022-09-20 07:30:30], user_id: nil, users: #Ecto.Association.NotLoaded<association :users is not loaded>}], pin_number_temp: "", current_page: "menu", changeset: #Ecto.Changeset<action: :insert, changes: %{serial_number: "PA01LABK2269"}, errors: [], data: #RelayServer.ValidataionStructs.DeviceSerialNumber<>, valid?: true>, measuring_popup_on: "", disable_iptv_test: nil, pin_number_setting_step: "", changeset_machine_serial: #Ecto.Changeset<action: :insert, changes: %{serial_number: "PA01LABK2269"}, errors: [], data: #RelayServer.ValidataionStructs.DeviceSerialNumber<>, valid?: true>, pin_number_button_index: ["3", "7", "8", "1", "4", "x", "0", "6", "x", "5", "9", "2"], popup_item: nil, page_params: %{}, machine_status: %{battery: 96, connections: %{"stb" => "down", "wan" => "up"}, is_charging: true, is_measuring: false, machine_assigned: true, machine_id: "cad04dce54cb", machine_type: "1G", measuring_idx: "0", online: true}, user_id: "hsqmdev7", speed_test_target_server: "softfusion__debug", offline_popup_on: "", enable_dev_mode: true, region_code: "01", pin_number_new1: "", measure_params: %{"0" => %{}}, measure_mode: "solo", region_name_dict: %{}, iptv_measure_disable_popup_on: "", enable_solo_speed_test: true, enable_command_control: true, log_upload_result: ""}, changed: %{}, endpoint: RelayServerWeb.Endpoint, id: "phx-FxaBDSmjBtBkl5uI", parent_pid: nil, root_pid: #PID<0.7514.0>, router: RelayServerWeb.Router, view: RelayServerWeb.MeasureLive, ...>, topic: "lv:phx-FxaBDSmjBtBkl5uI", transport_pid: #PID<0.7511.0>}
2022-09-22 06:59:30.581 [error] Postgrex.Protocol (#PID<0.490.0>) disconnected: ** (DBConnection.ConnectionError) tcp recv: timeout
2022-09-22 06:59:30.581 [error] Postgrex.Protocol (#PID<0.498.0>) disconnected: ** (DBConnection.ConnectionError) tcp recv: timeout
2022-09-22 06:59:30.581 [error] Postgrex.Protocol (#PID<0.496.0>) disconnected: ** (DBConnection.ConnectionError) tcp recv: timeout
2022-09-22 06:59:30.581 [error] Postgrex.Protocol (#PID<0.493.0>) disconnected: ** (DBConnection.ConnectionError) tcp recv: timeout
2022-09-22 06:59:30.581 [error] Postgrex.Protocol (#PID<0.491.0>) disconnected: ** (DBConnection.ConnectionError) tcp recv: timeout
2022-09-22 06:59:30.581 [error] Postgrex.Protocol (#PID<0.495.0>) disconnected: ** (DBConnection.ConnectionError) tcp recv: timeout
2022-09-22 06:59:30.581 [error] Postgrex.Protocol (#PID<0.489.0>) disconnected: ** (DBConnection.ConnectionError) tcp recv: timeout
2022-09-22 06:59:30.581 [error] Postgrex.Protocol (#PID<0.492.0>) disconnected: ** (DBConnection.ConnectionError) tcp recv: timeout
2022-09-22 06:59:30.581 [error] Postgrex.Protocol (#PID<0.494.0>) disconnected: ** (DBConnection.ConnectionError) tcp recv: timeout
2022-09-22 06:59:30.581 [error] Postgrex.Protocol (#PID<0.497.0>) disconnected: ** (DBConnection.ConnectionError) tcp recv: timeout
2022-09-22 06:59:36.207 [error] Postgrex.Protocol (#PID<0.494.0>) failed to connect: ** (Postgrex.Error) FATAL 57P03 (cannot_connect_now) the database system is shutting down
2022-09-22 06:59:36.207 [error] Postgrex.Protocol (#PID<0.497.0>) failed to connect: ** (Postgrex.Error) FATAL 57P03 (cannot_connect_now) the database system is shutting down
2022-09-22 06:59:36.207 [error] Postgrex.Protocol (#PID<0.491.0>) failed to connect: ** (Postgrex.Error) FATAL 57P03 (cannot_connect_now) the database system is shutting down
2022-09-22 06:59:36.207 [error] Postgrex.Protocol (#PID<0.489.0>) failed to connect: ** (Postgrex.Error) FATAL 57P03 (cannot_connect_now) the database system is shutting down
2022-09-22 06:59:36.207 [error] Postgrex.Protocol (#PID<0.490.0>) failed to connect: ** (Postgrex.Error) FATAL 57P03 (cannot_connect_now) the database system is shutting down
2022-09-22 06:59:36.207 [error] Postgrex.Protocol (#PID<0.498.0>) failed to connect: ** (Postgrex.Error) FATAL 57P03 (cannot_connect_now) the database system is shutting down
2022-09-22 06:59:36.207 [error] Postgrex.Protocol (#PID<0.495.0>) failed to connect: ** (Postgrex.Error) FATAL 57P03 (cannot_connect_now) the database system is shutting down
2022-09-22 06:59:36.207 [error] Postgrex.Protocol (#PID<0.492.0>) failed to connect: ** (Postgrex.Error) FATAL 57P03 (cannot_connect_now) the database system is shutting down
2022-09-22 06:59:36.207 [error] Postgrex.Protocol (#PID<0.496.0>) failed to connect: ** (Postgrex.Error) FATAL 57P03 (cannot_connect_now) the database system is shutting down
2022-09-22 06:59:36.207 [error] Postgrex.Protocol (#PID<0.493.0>) failed to connect: ** (Postgrex.Error) FATAL 57P03 (cannot_connect_now) the database system is shutting down
2022-09-22 06:59:37.345 [error] Postgrex.Protocol (#PID<0.492.0>) failed to connect: ** (DBConnection.ConnectionError) tcp connect (db:5432): non-existing domain - :nxdomain
2022-09-22 06:59:37.891 [error] Postgrex.Protocol (#PID<0.498.0>) failed to connect: ** (DBConnection.ConnectionError) tcp connect (db:5432): non-existing domain - :nxdomain
2022-09-22 06:59:38.015 [error] Postgrex.Protocol (#PID<0.489.0>) failed to connect: ** (DBConnection.ConnectionError) tcp connect (db:5432): non-existing domain - :nxdomain
2022-09-22 06:59:38.023 [error] Postgrex.Protocol (#PID<0.493.0>) failed to connect: ** (DBConnection.ConnectionError) tcp connect (db:5432): non-existing domain - :nxdomain
2022-09-22 06:59:38.138 [error] Postgrex.Protocol (#PID<0.490.0>) failed to connect: ** (DBConnection.ConnectionError) tcp connect (db:5432): non-existing domain - :nxdomain
2022-09-22 06:59:38.668 [error] Postgrex.Protocol (#PID<0.497.0>) failed to connect: ** (DBConnection.ConnectionError) tcp connect (db:5432): non-existing domain - :nxdomain
2022-09-22 06:59:38.812 [error] Postgrex.Protocol (#PID<0.494.0>) failed to connect: ** (DBConnection.ConnectionError) tcp connect (db:5432): non-existing domain - :nxdomain
2022-09-22 06:59:38.824 [error] Postgrex.Protocol (#PID<0.491.0>) failed to connect: ** (DBConnection.ConnectionError) tcp connect (db:5432): non-existing domain - :nxdomain
2022-09-22 06:59:38.824 [error] Postgrex.Protocol (#PID<0.492.0>) failed to connect: ** (DBConnection.ConnectionError) tcp connect (db:5432): non-existing domain - :nxdomain
2022-09-22 06:59:38.907 [error] Postgrex.Protocol (#PID<0.495.0>) failed to connect: ** (DBConnection.ConnectionError) tcp connect (db:5432): non-existing domain - :nxdomain
2022-09-22 06:59:39.214 [error] Postgrex.Protocol (#PID<0.496.0>) failed to connect: ** (DBConnection.ConnectionError) tcp connect (db:5432): non-existing domain - :nxdomain
2022-09-22 06:59:40.126 [error] Postgrex.Protocol (#PID<0.498.0>) failed to connect: ** (DBConnection.ConnectionError) tcp connect (db:5432): non-existing domain - :nxdomain
2022-09-22 06:59:40.750 [error] Postgrex.Protocol (#PID<0.490.0>) failed to connect: ** (DBConnection.ConnectionError) tcp connect (db:5432): non-existing domain - :nxdomain
2022-09-22 06:59:41.618 [error] Postgrex.Protocol (#PID<0.489.0>) failed to connect: ** (DBConnection.ConnectionError) tcp connect (db:5432): non-existing domain - :nxdomain
2022-09-22 06:59:41.885 [error] Postgrex.Protocol (#PID<0.492.0>) failed to connect: ** (DBConnection.ConnectionError) tcp connect (db:5432): non-existing domain - :nxdomain
2022-09-22 06:59:42.346 [error] Postgrex.Protocol (#PID<0.497.0>) failed to connect: ** (DBConnection.ConnectionError) tcp connect (db:5432): non-existing domain - :nxdomain
2022-09-22 06:59:42.421 [error] Postgrex.Protocol (#PID<0.493.0>) failed to connect: ** (DBConnection.ConnectionError) tcp connect (db:5432): non-existing domain - :nxdomain
2022-09-22 06:59:42.646 [error] Postgrex.Protocol (#PID<0.495.0>) failed to connect: ** (DBConnection.ConnectionError) tcp connect (db:5432): non-existing domain - :nxdomain
2022-09-22 06:59:43.759 [error] Postgrex.Protocol (#PID<0.491.0>) failed to connect: ** (DBConnection.ConnectionError) tcp connect (db:5432): non-existing domain - :nxdomain
2022-09-22 06:59:43.833 [error] Postgrex.Protocol (#PID<0.498.0>) failed to connect: ** (DBConnection.ConnectionError) tcp connect (db:5432): non-existing domain - :nxdomain
2022-09-22 06:59:46.096 [error] Postgrex.Protocol (#PID<0.497.0>) failed to connect: ** (DBConnection.ConnectionError) tcp connect (db:5432): non-existing domain - :nxdomain
2022-09-22 06:59:46.429 [error] Postgrex.Protocol (#PID<0.496.0>) failed to connect: ** (DBConnection.ConnectionError) tcp connect (db:5432): non-existing domain - :nxdomain
2022-09-22 06:59:46.536 [error] Postgrex.Protocol (#PID<0.494.0>) failed to connect: ** (DBConnection.ConnectionError) tcp connect (db:5432): non-existing domain - :nxdomain
2022-09-22 06:59:46.792 [error] Postgrex.Protocol (#PID<0.490.0>) failed to connect: ** (DBConnection.ConnectionError) tcp connect (db:5432): non-existing domain - :nxdomain
2022-09-22 06:59:50.590 [error] Postgrex.Protocol (#PID<0.492.0>) failed to connect: ** (DBConnection.ConnectionError) tcp connect (db:5432): non-existing domain - :nxdomain
2022-09-22 06:59:51.849 [error] Postgrex.Protocol (#PID<0.489.0>) failed to connect: ** (DBConnection.ConnectionError) tcp connect (db:5432): non-existing domain - :nxdomain
2022-09-22 06:59:52.671 [error] Postgrex.Protocol (#PID<0.498.0>) failed to connect: ** (DBConnection.ConnectionError) tcp connect (db:5432): non-existing domain - :nxdomain
2022-09-22 06:59:53.135 [error] Postgrex.Protocol (#PID<0.493.0>) failed to connect: ** (DBConnection.ConnectionError) tcp connect (db:5432): non-existing domain - :nxdomain
2022-09-22 06:59:53.462 [error] Postgrex.Protocol (#PID<0.495.0>) failed to connect: ** (DBConnection.ConnectionError) tcp connect (db:5432): non-existing domain - :nxdomain
2022-09-22 06:59:54.571 [error] Postgrex.Protocol (#PID<0.490.0>) failed to connect: ** (DBConnection.ConnectionError) tcp connect (db:5432): non-existing domain - :nxdomain
2022-09-22 06:59:55.507 [error] Postgrex.Protocol (#PID<0.491.0>) failed to connect: ** (DBConnection.ConnectionError) tcp connect (db:5432): non-existing domain - :nxdomain
2022-09-22 06:59:55.517 [error] Postgrex.Protocol (#PID<0.497.0>) failed to connect: ** (DBConnection.ConnectionError) tcp connect (db:5432): non-existing domain - :nxdomain
2022-09-22 06:59:55.846 [error] Postgrex.Protocol (#PID<0.494.0>) failed to connect: ** (DBConnection.ConnectionError) tcp connect (db:5432): non-existing domain - :nxdomain
2022-09-22 07:00:02.647 [error] Postgrex.Protocol (#PID<0.496.0>) failed to connect: ** (DBConnection.ConnectionError) tcp connect (db:5432): non-existing domain - :nxdomain
2022-09-22 07:00:04.103 [error] Postgrex.Protocol (#PID<0.490.0>) failed to connect: ** (DBConnection.ConnectionError) tcp connect (db:5432): non-existing domain - :nxdomain
2022-09-22 07:00:05.327 [error] Postgrex.Protocol (#PID<0.497.0>) failed to connect: ** (DBConnection.ConnectionError) tcp connect (db:5432): non-existing domain - :nxdomain
2022-09-22 07:00:07.066 [error] Postgrex.Protocol (#PID<0.498.0>) failed to connect: ** (DBConnection.ConnectionError) tcp connect (db:5432): non-existing domain - :nxdomain
2022-09-22 07:00:08.065 [error] Postgrex.Protocol (#PID<0.492.0>) failed to connect: ** (DBConnection.ConnectionError) tcp connect (db:5432): non-existing domain - :nxdomain
2022-09-22 07:00:09.492 [error] Postgrex.Protocol (#PID<0.494.0>) failed to connect: ** (DBConnection.ConnectionError) tcp connect (db:5432): non-existing domain - :nxdomain
2022-09-22 07:00:10.594 [error] Postgrex.Protocol (#PID<0.493.0>) failed to connect: ** (DBConnection.ConnectionError) tcp connect (db:5432): non-existing domain - :nxdomain
2022-09-22 07:00:13.902 [error] Postgrex.Protocol (#PID<0.495.0>) failed to connect: ** (DBConnection.ConnectionError) tcp connect (db:5432): non-existing domain - :nxdomain
2022-09-22 07:00:14.991 [error] Postgrex.Protocol (#PID<0.496.0>) failed to connect: ** (DBConnection.ConnectionError) tcp connect (db:5432): non-existing domain - :nxdomain
2022-09-22 07:00:18.861 [error] Postgrex.Protocol (#PID<0.489.0>) failed to connect: ** (DBConnection.ConnectionError) tcp connect (db:5432): non-existing domain - :nxdomain
2022-09-22 07:00:19.114 [error] Postgrex.Protocol (#PID<0.490.0>) failed to connect: ** (DBConnection.ConnectionError) tcp connect (db:5432): non-existing domain - :nxdomain
2022-09-22 07:00:20.250 [error] Postgrex.Protocol (#PID<0.498.0>) failed to connect: ** (DBConnection.ConnectionError) tcp connect (db:5432): non-existing domain - :nxdomain
2022-09-22 07:00:24.389 [error] Postgrex.Protocol (#PID<0.491.0>) failed to connect: ** (DBConnection.ConnectionError) tcp connect (db:5432): non-existing domain - :nxdomain
2022-09-22 07:00:29.003 [error] Postgrex.Protocol (#PID<0.493.0>) failed to connect: ** (DBConnection.ConnectionError) tcp connect (db:5432): non-existing domain - :nxdomain
2022-09-22 07:00:31.807 [error] Postgrex.Protocol (#PID<0.490.0>) failed to connect: ** (DBConnection.ConnectionError) tcp connect (db:5432): non-existing domain - :nxdomain
2022-09-22 07:00:32.542 [error] Postgrex.Protocol (#PID<0.498.0>) failed to connect: ** (DBConnection.ConnectionError) tcp connect (db:5432): non-existing domain - :nxdomain
2022-09-22 07:00:32.766 [error] Postgrex.Protocol (#PID<0.497.0>) failed to connect: ** (DBConnection.ConnectionError) tcp connect (db:5432): non-existing domain - :nxdomain
2022-09-22 07:00:34.736 [error] Postgrex.Protocol (#PID<0.494.0>) failed to connect: ** (DBConnection.ConnectionError) tcp connect (db:5432): non-existing domain - :nxdomain
2022-09-22 07:00:35.203 [error] Postgrex.Protocol (#PID<0.495.0>) failed to connect: ** (DBConnection.ConnectionError) tcp connect (db:5432): non-existing domain - :nxdomain
2022-09-22 07:00:36.648 [error] Postgrex.Protocol (#PID<0.492.0>) failed to connect: ** (DBConnection.ConnectionError) tcp connect (db:5432): non-existing domain - :nxdomain
